This is pdfTeX, Version 3.141592-1.40.4 (MiKTeX 2.7) (preloaded format=pdflatex 2008.10.20)  7 FEB 2011 12:41
entering extended mode
**C:/Documents*and*Settings/Eralp/Desktop/Eralp/Cornell/Residual*stress*project
/documentation/3Dresidualstress.tex

("C:/Documents and Settings/Eralp/Desktop/Eralp/Cornell/Residual stress project
/documentation/3Dresidualstress.tex"
LaTeX2e <2005/12/01>
Babel <v3.8h> and hyphenation patterns for english, dumylang, nohyphenation, ge
rman, ngerman, french, loaded.
("C:\Program Files\MiKTeX 2.7\tex\latex\base\article.cls"
Document Class: article 2005/09/16 v1.4f Standard LaTeX document class
("C:\Program Files\MiKTeX 2.7\tex\latex\base\size10.clo"
File: size10.clo 2005/09/16 v1.4f Standard LaTeX file (size option)
)
\c@part=\count79
\c@section=\count80
\c@subsection=\count81
\c@subsubsection=\count82
\c@paragraph=\count83
\c@subparagraph=\count84
\c@figure=\count85
\c@table=\count86
\abovecaptionskip=\skip41
\belowcaptionskip=\skip42
\bibindent=\dimen102
)
("C:\Program Files\MiKTeX 2.7\tex\latex\graphics\epsfig.sty"
Package: epsfig 1999/02/16 v1.7a (e)psfig emulation (SPQR)

("C:\Program Files\MiKTeX 2.7\tex\latex\graphics\graphicx.sty"
Package: graphicx 1999/02/16 v1.0f Enhanced LaTeX Graphics (DPC,SPQR)

("C:\Program Files\MiKTeX 2.7\tex\latex\graphics\keyval.sty"
Package: keyval 1999/03/16 v1.13 key=value parser (DPC)
\KV@toks@=\toks14
)
("C:\Program Files\MiKTeX 2.7\tex\latex\graphics\graphics.sty"
Package: graphics 2006/02/20 v1.0o Standard LaTeX Graphics (DPC,SPQR)

("C:\Program Files\MiKTeX 2.7\tex\latex\graphics\trig.sty"
Package: trig 1999/03/16 v1.09 sin cos tan (DPC)
)
("C:\Program Files\MiKTeX 2.7\tex\latex\00miktex\graphics.cfg"
File: graphics.cfg 2007/01/18 v1.5 graphics configuration of teTeX/TeXLive
)
Package graphics Info: Driver file: pdftex.def on input line 90.

("C:\Program Files\MiKTeX 2.7\tex\latex\graphics\pdftex.def"
File: pdftex.def 2007/06/12 v0.04h Graphics/color for pdfTeX
\Gread@gobject=\count87
))
\Gin@req@height=\dimen103
\Gin@req@width=\dimen104
)
\epsfxsize=\dimen105
\epsfysize=\dimen106
)
("C:\Program Files\MiKTeX 2.7\tex\latex\base\latexsym.sty"
Package: latexsym 1998/08/17 v2.2e Standard LaTeX package (lasy symbols)
\symlasy=\mathgroup4
LaTeX Font Info:    Overwriting symbol font `lasy' in version `bold'
(Font)                  U/lasy/m/n --> U/lasy/b/n on input line 47.
)
("C:\Program Files\MiKTeX 2.7\tex\latex\amsmath\amsmath.sty"
Package: amsmath 2000/07/18 v2.13 AMS math features
\@mathmargin=\skip43

For additional information on amsmath, use the `?' option.
("C:\Program Files\MiKTeX 2.7\tex\latex\amsmath\amstext.sty"
Package: amstext 2000/06/29 v2.01

("C:\Program Files\MiKTeX 2.7\tex\latex\amsmath\amsgen.sty"
File: amsgen.sty 1999/11/30 v2.0
\@emptytoks=\toks15
\ex@=\dimen107
))
("C:\Program Files\MiKTeX 2.7\tex\latex\amsmath\amsbsy.sty"
Package: amsbsy 1999/11/29 v1.2d
\pmbraise@=\dimen108
)
("C:\Program Files\MiKTeX 2.7\tex\latex\amsmath\amsopn.sty"
Package: amsopn 1999/12/14 v2.01 operator names
)
\inf@bad=\count88
LaTeX Info: Redefining \frac on input line 211.
\uproot@=\count89
\leftroot@=\count90
LaTeX Info: Redefining \overline on input line 307.
\classnum@=\count91
\DOTSCASE@=\count92
LaTeX Info: Redefining \ldots on input line 379.
LaTeX Info: Redefining \dots on input line 382.
LaTeX Info: Redefining \cdots on input line 467.
\Mathstrutbox@=\box26
\strutbox@=\box27
\big@size=\dimen109
LaTeX Font Info:    Redeclaring font encoding OML on input line 567.
LaTeX Font Info:    Redeclaring font encoding OMS on input line 568.
\macc@depth=\count93
\c@MaxMatrixCols=\count94
\dotsspace@=\muskip10
\c@parentequation=\count95
\dspbrk@lvl=\count96
\tag@help=\toks16
\row@=\count97
\column@=\count98
\maxfields@=\count99
\andhelp@=\toks17
\eqnshift@=\dimen110
\alignsep@=\dimen111
\tagshift@=\dimen112
\tagwidth@=\dimen113
\totwidth@=\dimen114
\lineht@=\dimen115
\@envbody=\toks18
\multlinegap=\skip44
\multlinetaggap=\skip45
\mathdisplay@stack=\toks19
LaTeX Info: Redefining \[ on input line 2666.
LaTeX Info: Redefining \] on input line 2667.
)
("C:\Program Files\MiKTeX 2.7\tex\latex\preprint\fullpage.sty"
Package: fullpage 1999/02/23 1.1 (PWD)
\FP@margin=\skip46
)
("C:\Program Files\MiKTeX 2.7\tex\latex\base\makeidx.sty"
Package: makeidx 2000/03/29 v1.0m Standard LaTeX package
)
\@indexfile=\write3

Writing index file 3Dresidualstress.idx
("C:\Program Files\MiKTeX 2.7\tex\latex\nomencl\nomencl.sty"
Package: nomencl 2005/09/22 v4.2 Nomenclature package (LN)
\nomlabelwidth=\dimen116
\nom@tempdim=\dimen117
\nomitemsep=\skip47
)
\@nomenclaturefile=\write4

Writing nomenclature file 3Dresidualstress.nlo
(3Dresidualstress.aux)
LaTeX Font Info:    Checking defaults for OML/cmm/m/it on input line 79.
LaTeX Font Info:    ... okay on input line 79.
LaTeX Font Info:    Checking defaults for T1/cmr/m/n on input line 79.
LaTeX Font Info:    ... okay on input line 79.
LaTeX Font Info:    Checking defaults for OT1/cmr/m/n on input line 79.
LaTeX Font Info:    ... okay on input line 79.
LaTeX Font Info:    Checking defaults for OMS/cmsy/m/n on input line 79.
LaTeX Font Info:    ... okay on input line 79.
LaTeX Font Info:    Checking defaults for OMX/cmex/m/n on input line 79.
LaTeX Font Info:    ... okay on input line 79.
LaTeX Font Info:    Checking defaults for U/cmr/m/n on input line 79.
LaTeX Font Info:    ... okay on input line 79.

("C:\Program Files\MiKTeX 2.7\tex\context\base\supp-pdf.tex"
[Loading MPS to PDF converter (version 2006.09.02).]
\scratchcounter=\count100
\scratchdimen=\dimen118
\scratchbox=\box28
\nofMPsegments=\count101
\nofMParguments=\count102
\MPscratchCnt=\count103
\MPscratchDim=\dimen119
\MPnumerator=\count104
\everyMPtoPDFconversion=\toks20
)
LaTeX Font Info:    Try loading font information for U+lasy on input line 85.
 ("C:\Program Files\MiKTeX 2.7\tex\latex\base\ulasy.fd"
File: ulasy.fd 1998/08/17 v2.2e LaTeX symbol font definitions
)

LaTeX Warning: No \author given.

(3Dresidualstress.nls [1

{C:/Documents and Settings/All Users/Application Data/MiKTeX/2.7/pdftex/config/
pdftex.map}] [2]) [3] [4] [5] [6] [7]
<examplemesh.pdf, id=37, 398.3382pt x 113.8112pt>
File: examplemesh.pdf Graphic file (type pdf)
 <use examplemesh.pdf>
[8 <examplemesh.pdf

pdfTeX warning:  (file examplemesh.pdf): PDF inclusion: Page Group detected whi
ch pdfTeX can't handle. Ignoring it.
>] <2Dellipses.pdf, id=97, 284.52798pt x 284.52798pt>
File: 2Dellipses.pdf Graphic file (type pdf)
 <use 2Dellipses.pdf>
<sphvsel.pdf, id=98, 625.96059pt x 398.3382pt>
File: sphvsel.pdf Graphic file (type pdf)
 <use sphvsel.pdf> [9 <2Dellipses.pdf>] [10 <sphvsel.pdf>] <8nodebrick.pdf, id=
141, 455.24379pt x 227.62239pt>
File: 8nodebrick.pdf Graphic file (type pdf)

<use 8nodebrick.pdf> <20nodebrick.pdf, id=142, 455.24379pt x 227.62239pt>
File: 20nodebrick.pdf Graphic file (type pdf)

<use 20nodebrick.pdf> [11 <8nodebrick.pdf>]
<27nodebrick.pdf, id=172, 455.24379pt x 227.62239pt>
File: 27nodebrick.pdf Graphic file (type pdf)
 <use 27nodebrick.pdf>
[12 <20nodebrick.pdf>]
Overfull \vbox (8.58212pt too high) has occurred while \output is active []


[13 <27nodebrick.pdf>] <10nodetet.pdf, id=233, 455.24379pt x 227.62239pt>
File: 10nodetet.pdf Graphic file (type pdf)

<use 10nodetet.pdf>
LaTeX Font Info:    Try loading font information for OMS+cmr on input line 672.

 ("C:\Program Files\MiKTeX 2.7\tex\latex\base\omscmr.fd"
File: omscmr.fd 1999/05/25 v2.5h Standard LaTeX font definitions
)
LaTeX Font Info:    Font shape `OMS/cmr/m/n' in size <10> not available
(Font)              Font shape `OMS/cmsy/m/n' tried instead on input line 672.

[14 <10nodetet.pdf>] <discbcs.pdf, id=263, 426.79147pt x 341.43358pt>
File: discbcs.pdf Graphic file (type pdf)

<use discbcs.pdf> <discbotsigxx.pdf, id=264, 398.3382pt x 312.9803pt>
File: discbotsigxx.pdf Graphic file (type pdf)

<use discbotsigxx.pdf> [15 <discbcs.pdf> <discbotsigxx.pdf>]
(3Dresidualstress.aux) ) 
Here is how much of TeX's memory you used:
 1786 strings out of 95340
 20970 string characters out of 1184154
 85753 words of memory out of 1500000
 4961 multiletter control sequences out of 110000
 11198 words of font info for 44 fonts, out of 1200000 for 2000
 14 hyphenation exceptions out of 8191
 32i,9n,21p,910b,213s stack positions out of 5000i,500n,10000p,200000b,5000s
<C:/Program Files/MiKTeX 2.7/fonts/type1/bluesky/cm/cmb
x10.pfb><C:/Program Files/MiKTeX 2.7/fonts/type1/bluesky/cm/cmbx12.pfb><C:/Prog
ram Files/MiKTeX 2.7/fonts/type1/bluesky/cm/cmbx7.pfb><C:/Program Files/MiKTeX 
2.7/fonts/type1/bluesky/cm/cmex10.pfb><C:/Program Files/MiKTeX 2.7/fonts/type1/
bluesky/cm/cmmi10.pfb><C:/Program Files/MiKTeX 2.7/fonts/type1/bluesky/cm/cmmi7
.pfb><C:/Program Files/MiKTeX 2.7/fonts/type1/bluesky/cm/cmr10.pfb><C:/Program 
Files/MiKTeX 2.7/fonts/type1/bluesky/cm/cmr17.pfb><C:/Program Files/MiKTeX 2.7/
fonts/type1/bluesky/cm/cmr6.pfb><C:/Program Files/MiKTeX 2.7/fonts/type1/bluesk
y/cm/cmr7.pfb><C:/Program Files/MiKTeX 2.7/fonts/type1/bluesky/cm/cmr8.pfb><C:/
Program Files/MiKTeX 2.7/fonts/type1/bluesky/cm/cmr9.pfb><C:/Program Files/MiKT
eX 2.7/fonts/type1/bluesky/cm/cmsy10.pfb><C:/Program Files/MiKTeX 2.7/fonts/typ
e1/bluesky/cm/cmsy7.pfb>
Output written on 3Dresidualstress.pdf (15 pages, 2397433 bytes).
PDF statistics:
 438 PDF objects out of 1000 (max. 8388607)
 0 named destinations out of 1000 (max. 131072)
 46 words of extra memory for PDF output out of 10000 (max. 10000000)

